2018-09-28 12:01:48,184 INFO  [Class] ******************************************************************** 
2018-09-28 12:01:48,184 INFO  [Class] ******************************************************************** 
2018-09-28 12:01:48,184 INFO  [Class] %%%%%%%%%%%%%%Start TC_Google_MyAccount_01 execution%%%%%%%%%%%%% 
2018-09-28 12:01:48,184 INFO  [Class] ******************************************************************** 
2018-09-28 12:01:48,184 INFO  [Class] ******************************************************************** 
2018-09-28 12:01:48,184 INFO  [Class] Unable to read the data from the Cell (1,5) from TestSteps 
2018-09-28 12:01:48,184 INFO  [Class] Opening Browser 
2018-09-28 12:01:50,859 INFO  [Class] Unable to read the data from the Cell (2,5) from TestSteps 
2018-09-28 12:01:50,859 INFO  [Class] Unable to read the data from the Cell (2,7) from TestSteps 
2018-09-28 12:01:50,859 INFO  [Class] Opening Application UnderTest: https://account.google.com 
2018-09-28 12:02:03,727 INFO  [Class] Unable to read the data from the Cell (3,7) from TestSteps 
2018-09-28 12:02:03,727 INFO  [Class] Click on click_AnotherAccount 
2018-09-28 12:02:10,646 INFO  [Class] Enter text in txtbox_UserName 
2018-09-28 12:02:11,265 INFO  [Class] Unable to read the data from the Cell (5,7) from TestSteps 
2018-09-28 12:02:11,265 INFO  [Class] Click on button_Next 
2018-09-28 12:02:11,663 INFO  [Class] Unable to read the data from the Cell (6,5) from TestSteps 
2018-09-28 12:02:11,663 INFO  [Class] Unable to read the data from the Cell (6,7) from TestSteps 
2018-09-28 12:02:11,663 INFO  [Class] Thread is sleeping 
2018-09-28 12:02:12,708 INFO  [Class] Enter text in txtbox_Password 
2018-09-28 12:02:14,194 INFO  [Class] Unable to read the data from the Cell (8,7) from TestSteps 
2018-09-28 12:02:14,194 INFO  [Class] Click on button_Next 
2018-09-28 12:02:14,563 INFO  [Class] Unable to read the data from the Cell (9,7) from TestSteps 
2018-09-28 12:02:14,564 INFO  [Class] Click on image_Google 
2018-09-28 12:02:43,366 INFO  [Class] Enter text in txtbox_SearchBox 
2018-09-28 12:02:43,812 INFO  [Class] Unable to read the data from the Cell (11,7) from TestSteps 
2018-09-28 12:02:43,812 INFO  [Class] Click on button_Submit 
2018-09-28 12:02:53,950 INFO  [Class] Unable to read the data from the Cell (12,5) from TestSteps 
2018-09-28 12:02:53,950 INFO  [Class] Counting Number of Link in Search Results 
2018-09-28 12:02:54,544 INFO  [Class] Unable to read the data from the Cell (13,5) from TestSteps 
2018-09-28 12:02:54,544 INFO  [Class] Unable to read the data from the Cell (13,7) from TestSteps 
2018-09-28 12:02:54,544 INFO  [Class] Closing Browser 
2018-09-28 12:02:56,911 INFO  [Class] ******************************************************************** 
2018-09-28 12:02:56,911 INFO  [Class] ******************************************************************** 
2018-09-28 12:02:56,911 INFO  [Class] %%%%%%%%%%%%%%%End TC_Google_MyAccount_01 execution%%%%%%%%%%%%%%% 
2018-09-28 12:02:56,911 INFO  [Class] ******************************************************************** 
2018-09-28 12:02:56,911 INFO  [Class] ******************************************************************** 
2018-09-28 12:02:56,911 INFO  [Class] ******************************************************************** 
2018-09-28 12:02:56,911 INFO  [Class] ******************************************************************** 
2018-09-28 12:02:56,911 INFO  [Class] %%%%%%%%%%%%%%Start TC_Google_MyAccount_02 execution%%%%%%%%%%%%% 
2018-09-28 12:02:56,911 INFO  [Class] ******************************************************************** 
2018-09-28 12:02:56,911 INFO  [Class] ******************************************************************** 
2018-09-28 12:02:56,911 INFO  [Class] Unable to read the data from the Cell (14,5) from TestSteps 
2018-09-28 12:02:56,911 INFO  [Class] Opening Browser 
2018-09-28 12:03:04,807 INFO  [Class] Unable to read the data from the Cell (15,5) from TestSteps 
2018-09-28 12:03:04,807 INFO  [Class] Unable to read the data from the Cell (15,7) from TestSteps 
2018-09-28 12:03:04,807 INFO  [Class] Opening Application UnderTest: https://account.google.com 
2018-09-28 12:03:12,726 INFO  [Class] Unable to read the data from the Cell (16,7) from TestSteps 
2018-09-28 12:03:12,726 INFO  [Class] Click on click_AnotherAccount 
2018-09-28 12:03:18,550 INFO  [Class] Enter text in txtbox_UserName 
2018-09-28 12:03:19,008 INFO  [Class] Unable to read the data from the Cell (18,7) from TestSteps 
2018-09-28 12:03:19,009 INFO  [Class] Click on button_Next 
2018-09-28 12:03:19,383 INFO  [Class] Unable to read the data from the Cell (19,5) from TestSteps 
2018-09-28 12:03:19,383 INFO  [Class] Unable to read the data from the Cell (19,7) from TestSteps 
2018-09-28 12:03:19,384 INFO  [Class] Thread is sleeping 
2018-09-28 12:03:20,448 INFO  [Class] Enter text in txtbox_Password 
2018-09-28 12:03:22,547 INFO  [Class] Unable to read the data from the Cell (21,7) from TestSteps 
2018-09-28 12:03:22,547 INFO  [Class] Click on button_Next 
2018-09-28 12:03:22,932 INFO  [Class] Unable to read the data from the Cell (22,7) from TestSteps 
2018-09-28 12:03:22,932 INFO  [Class] Click on image_mail 
2018-09-28 12:03:35,511 INFO  [Class] Unable to read the data from the Cell (23,7) from TestSteps 
2018-09-28 12:03:35,511 INFO  [Class] Click on button_Compose 
2018-09-28 12:03:45,634 INFO  [Class] Unable to click on button_Compose: org.openqa.selenium.NoSuchElementException: no such element: Unable to locate element: {"method":"xpath","selector":".//*[text()='Compose']"}
  (Session info: chrome=68.0.3440.106)
  (Driver info: chromedriver=2.42.591088 (7b2b2dca23cca0862f674758c9a3933e685c27d5),platform=Windows NT 6.1.7601 SP1 x86) (WARNING: The server did not provide any stacktrace information)
Command duration or timeout: 0 milliseconds
For documentation on this error, please visit: http://seleniumhq.org/exceptions/no_such_element.html
Build info: version: '3.14.0', revision: 'aacccce0', time: '2018-08-02T20:05:20.749Z'
System info: host: 'DIN49000331', ip: '10.125.34.152', os.name: 'Windows 7', os.arch: 'x86', os.version: '6.1', java.version: '1.8.0_25'
Driver info: org.openqa.selenium.chrome.ChromeDriver
Capabilities {acceptInsecureCerts: false, acceptSslCerts: false, applicationCacheEnabled: false, browserConnectionEnabled: false, browserName: chrome, chrome: {chromedriverVersion: 2.42.591088 (7b2b2dca23cca0..., userDataDir: C:\Users\sugarg\AppData\Loc...}, cssSelectorsEnabled: true, databaseEnabled: false, goog:chromeOptions: {debuggerAddress: localhost:60279}, handlesAlerts: true, hasTouchScreen: false, javascriptEnabled: true, locationContextEnabled: true, mobileEmulationEnabled: false, nativeEvents: true, networkConnectionEnabled: false, pageLoadStrategy: normal, platform: XP, platformName: XP, rotatable: false, setWindowRect: true, takesHeapSnapshot: true, takesScreenshot: true, unexpectedAlertBehaviour: , unhandledPromptBehavior: , version: 68.0.3440.106, webStorageEnabled: true}
Session ID: 6a7dc8fb00ec2975f9dbe24d69bdaec4
*** Element info: {Using=xpath, value=.//*[text()='Compose']} 
2018-09-28 12:03:45,981 INFO  [Class] Closing Browser 
2018-09-28 12:03:46,107 INFO  [Class] ******************************************************************** 
2018-09-28 12:03:46,107 INFO  [Class] ******************************************************************** 
2018-09-28 12:03:46,107 INFO  [Class] %%%%%%%%%%%%%%%End TC_Google_MyAccount_02 execution%%%%%%%%%%%%%%% 
2018-09-28 12:03:46,107 INFO  [Class] ******************************************************************** 
2018-09-28 12:03:46,107 INFO  [Class] ******************************************************************** 
